-------------------------------------------------------------------------------
Test set: com.example.AppTest
-------------------------------------------------------------------------------
Tests run: 1, Failures: 0, Errors: 1, Skipped: 0, Time elapsed: 29.606 s <<< FAILURE! - in com.example.AppTest
shouldAnswerWithTrue(com.example.AppTest)  Time elapsed: 29.535 s  <<< ERROR!
org.openqa.selenium.ElementClickInterceptedException: 
element click intercepted: Element <div class=" css-1hwfws3">...</div> is not clickable at point (366, 573). Other element would receive the click: <iframe id="google_ads_iframe_/21849154601,22343295815/Ad.Plus-Anchor_0" name="google_ads_iframe_/21849154601,22343295815/Ad.Plus-Anchor_0" title="3rd party ad content" width="970" height="90" scrolling="no" marginwidth="0" marginheight="0" frameborder="0" aria-label="Advertisement" tabindex="0" style="border: 0px; vertical-align: bottom;" data-load-complete="true" data-google-container-id="1"></iframe>
  (Session info: chrome=123.0.6312.107)
Build info: version: '4.19.1', revision: 'abe0ee07dc'
System info: os.name: 'Windows 11', os.arch: 'amd64', os.version: '10.0', java.version: '17.0.8'
Driver info: org.openqa.selenium.chrome.ChromeDriver
Command: [f198070681fa72f02e10d70ba4a0e53d, clickElement {id=f.859476D86A655D5912C34555FC93DDA8.d.A439DF55A6C4F4EAA2D99E4C7DB71DC6.e.25}]
Capabilities {acceptInsecureCerts: false, browserName: chrome, browserVersion: 123.0.6312.107, chrome: {chromedriverVersion: 123.0.6312.122 (31f8248cdd9..., userDataDir: C:\Users\Swetha\AppData\Loc...}, fedcm:accounts: true, goog:chromeOptions: {debuggerAddress: localhost:53453}, networkConnectionEnabled: false, pageLoadStrategy: normal, platformName: windows, proxy: Proxy(), se:cdp: ws://localhost:53453/devtoo..., se:cdpVersion: 123.0.6312.107, setWindowRect: true, strictFileInteractability: false, timeouts: {implicit: 0, pageLoad: 300000, script: 30000}, unhandledPromptBehavior: dismiss and notify, webauthn:extension:credBlob: true, webauthn:extension:largeBlob: true, webauthn:extension:minPinLength: true, webauthn:extension:prf: true, webauthn:virtualAuthenticators: true}
Element: [[ChromeDriver: chrome on windows (f198070681fa72f02e10d70ba4a0e53d)] -> xpath: //*[@id='withOptGroup']/div/div[1]]
Session ID: f198070681fa72f02e10d70ba4a0e53d
	at com.example.AppTest.shouldAnswerWithTrue(AppTest.java:42)

