<?xml version="1.0" encoding="UTF-8"?>
<testsuite xmlns:xsi="http://www.w3.org/2001/XMLSchema-instance" xsi:noNamespaceSchemaLocation="https://maven.apache.org/surefire/maven-surefire-plugin/xsd/surefire-test-report.xsd" name="com.example.AppTest" time="29.606" tests="1" errors="1" skipped="0" failures="0">
  <properties>
[...]
</properties>
  <testcase name="shouldAnswerWithTrue" classname="com.example.AppTest" time="29.535">
    <error message="element click intercepted: Element &lt;div class=&quot; css-1hwfws3&quot;&gt;...&lt;/div&gt; is not clickable at point (366, 573). Other element would receive the click: &lt;iframe id=&quot;google_ads_iframe_/21849154601,22343295815/Ad.Plus-Anchor_0&quot; name=&quot;google_ads_iframe_/21849154601,22343295815/Ad.Plus-Anchor_0&quot; title=&quot;3rd party ad content&quot; width=&quot;970&quot; height=&quot;90&quot; scrolling=&quot;no&quot; marginwidth=&quot;0&quot; marginheight=&quot;0&quot; frameborder=&quot;0&quot; aria-label=&quot;Advertisement&quot; tabindex=&quot;0&quot; style=&quot;border: 0px; vertical-align: bottom;&quot; data-load-complete=&quot;true&quot; data-google-container-id=&quot;1&quot;&gt;&lt;/iframe&gt;&#10;  (Session info: chrome=123.0.6312.107)&#10;Build info: version: &apos;4.19.1&apos;, revision: &apos;abe0ee07dc&apos;&#10;System info: os.name: &apos;Windows 11&apos;, os.arch: &apos;amd64&apos;, os.version: &apos;10.0&apos;, java.version: &apos;17.0.8&apos;&#10;Driver info: org.openqa.selenium.chrome.ChromeDriver&#10;Command: [f198070681fa72f02e10d70ba4a0e53d, clickElement {id=f.859476D86A655D5912C34555FC93DDA8.d.A439DF55A6C4F4EAA2D99E4C7DB71DC6.e.25}]&#10;Capabilities {acceptInsecureCerts: false, browserName: chrome, browserVersion: 123.0.6312.107, chrome: {chromedriverVersion: 123.0.6312.122 (31f8248cdd9..., userDataDir: C:\Users\Swetha\AppData\Loc...}, fedcm:accounts: true, goog:chromeOptions: {debuggerAddress: localhost:53453}, networkConnectionEnabled: false, pageLoadStrategy: normal, platformName: windows, proxy: Proxy(), se:cdp: ws://localhost:53453/devtoo..., se:cdpVersion: 123.0.6312.107, setWindowRect: true, strictFileInteractability: false, timeouts: {implicit: 0, pageLoad: 300000, script: 30000}, unhandledPromptBehavior: dismiss and notify, webauthn:extension:credBlob: true, webauthn:extension:largeBlob: true, webauthn:extension:minPinLength: true, webauthn:extension:prf: true, webauthn:virtualAuthenticators: true}&#10;Element: [[ChromeDriver: chrome on windows (f198070681fa72f02e10d70ba4a0e53d)] -&gt; xpath: //*[@id=&apos;withOptGroup&apos;]/div/div[1]]&#10;Session ID: f198070681fa72f02e10d70ba4a0e53d" type="org.openqa.selenium.ElementClickInterceptedException"><![CDATA[org.openqa.selenium.ElementClickInterceptedException: 
element click intercepted: Element <div class=" css-1hwfws3">...</div> is not clickable at point (366, 573). Other element would receive the click: <iframe id="google_ads_iframe_/21849154601,22343295815/Ad.Plus-Anchor_0" name="google_ads_iframe_/21849154601,22343295815/Ad.Plus-Anchor_0" title="3rd party ad content" width="970" height="90" scrolling="no" marginwidth="0" marginheight="0" frameborder="0" aria-label="Advertisement" tabindex="0" style="border: 0px; vertical-align: bottom;" data-load-complete="true" data-google-container-id="1"></iframe>
  (Session info: chrome=123.0.6312.107)
Build info: version: '4.19.1', revision: 'abe0ee07dc'
System info: os.name: 'Windows 11', os.arch: 'amd64', os.version: '10.0', java.version: '17.0.8'
Driver info: org.openqa.selenium.chrome.ChromeDriver
Command: [f198070681fa72f02e10d70ba4a0e53d, clickElement {id=f.859476D86A655D5912C34555FC93DDA8.d.A439DF55A6C4F4EAA2D99E4C7DB71DC6.e.25}]
Capabilities {acceptInsecureCerts: false, browserName: chrome, browserVersion: 123.0.6312.107, chrome: {chromedriverVersion: 123.0.6312.122 (31f8248cdd9..., userDataDir: C:\Users\Swetha\AppData\Loc...}, fedcm:accounts: true, goog:chromeOptions: {debuggerAddress: localhost:53453}, networkConnectionEnabled: false, pageLoadStrategy: normal, platformName: windows, proxy: Proxy(), se:cdp: ws://localhost:53453/devtoo..., se:cdpVersion: 123.0.6312.107, setWindowRect: true, strictFileInteractability: false, timeouts: {implicit: 0, pageLoad: 300000, script: 30000}, unhandledPromptBehavior: dismiss and notify, webauthn:extension:credBlob: true, webauthn:extension:largeBlob: true, webauthn:extension:minPinLength: true, webauthn:extension:prf: true, webauthn:virtualAuthenticators: true}
Element: [[ChromeDriver: chrome on windows (f198070681fa72f02e10d70ba4a0e53d)] -> xpath: //*[@id='withOptGroup']/div/div[1]]
Session ID: f198070681fa72f02e10d70ba4a0e53d
	at com.example.AppTest.shouldAnswerWithTrue(AppTest.java:42)
]]></error>
    <system-err><![CDATA[SLF4J(W): No SLF4J providers were found.
SLF4J(W): Defaulting to no-operation (NOP) logger implementation
SLF4J(W): See https://www.slf4j.org/codes.html#noProviders for further details.
]]></system-err>
  </testcase>
</testsuite>