<?xml version="1.0" encoding="UTF-8"?>
<!-- Generated by org.testng.reporters.JUnitXMLReporter -->
<testsuite ignored="0" hostname="Swetha" failures="0" tests="3" name="Surefire test" time="53.14" errors="0" timestamp="2024-05-02T12:17:06 IST">
  <testcase classname="com.example.AppTest" name="testCase1" time="8.618"/>
  <testcase classname="com.example.AppTest" name="testCase2" time="13.006"/>
  <testcase classname="com.example.AppTest" name="testCase3" time="11.126"/>
</testsuite> <!-- Surefire test -->
