<?xml version="1.0" encoding="UTF-8"?>
<testng-results ignored="0" total="3" passed="3" failed="0" skipped="0">
  <reporter-output>
  </reporter-output>
  <suite started-at="2024-05-02T12:16:13 IST" name="Surefire suite" finished-at="2024-05-02T12:17:06 IST" duration-ms="53140">
    <groups>
    </groups>
    <test started-at="2024-05-02T12:16:13 IST" name="Surefire test" finished-at="2024-05-02T12:17:06 IST" duration-ms="53140">
      <class name="com.example.AppTest">
        <test-method is-config="true" signature="setup()[pri:0, instance:com.example.AppTest@1a04f701]" started-at="2024-05-02T12:16:13 IST" name="setup" finished-at="2024-05-02T12:16:16 IST" duration-ms="3061" status="PASS">
          <reporter-output>
          </reporter-output>
        </test-method> <!-- setup -->
        <test-method is-config="true" signature="navigate()[pri:0, instance:com.example.AppTest@1a04f701]" started-at="2024-05-02T12:16:16 IST" name="navigate" finished-at="2024-05-02T12:16:27 IST" duration-ms="10558" status="PASS">
          <reporter-output>
          </reporter-output>
        </test-method> <!-- navigate -->
        <test-method signature="testCase1()[pri:0, instance:com.example.AppTest@1a04f701]" started-at="2024-05-02T12:16:27 IST" name="testCase1" finished-at="2024-05-02T12:16:35 IST" duration-ms="8618" status="PASS">
          <reporter-output>
          </reporter-output>
        </test-method> <!-- testCase1 -->
        <test-method is-config="true" signature="navigate()[pri:0, instance:com.example.AppTest@1a04f701]" started-at="2024-05-02T12:16:35 IST" name="navigate" finished-at="2024-05-02T12:16:39 IST" duration-ms="3523" status="PASS">
          <reporter-output>
          </reporter-output>
        </test-method> <!-- navigate -->
        <test-method signature="testCase2()[pri:1, instance:com.example.AppTest@1a04f701]" started-at="2024-05-02T12:16:39 IST" name="testCase2" finished-at="2024-05-02T12:16:52 IST" duration-ms="13006" status="PASS">
          <reporter-output>
          </reporter-output>
        </test-method> <!-- testCase2 -->
        <test-method is-config="true" signature="navigate()[pri:0, instance:com.example.AppTest@1a04f701]" started-at="2024-05-02T12:16:52 IST" name="navigate" finished-at="2024-05-02T12:16:54 IST" duration-ms="2624" status="PASS">
          <reporter-output>
          </reporter-output>
        </test-method> <!-- navigate -->
        <test-method signature="testCase3()[pri:2, instance:com.example.AppTest@1a04f701]" started-at="2024-05-02T12:16:54 IST" name="testCase3" finished-at="2024-05-02T12:17:06 IST" duration-ms="11126" status="PASS">
          <reporter-output>
          </reporter-output>
        </test-method> <!-- testCase3 -->
        <test-method is-config="true" signature="quit()[pri:0, instance:com.example.AppTest@1a04f701]" started-at="2024-05-02T12:17:06 IST" name="quit" finished-at="2024-05-02T12:17:06 IST" duration-ms="533" status="PASS">
          <reporter-output>
          </reporter-output>
        </test-method> <!-- quit -->
      </class> <!-- com.example.AppTest -->
    </test> <!-- Surefire test -->
  </suite> <!-- Surefire suite -->
</testng-results>
